{"component":"user-service","level":"info","message":"Profile stats for https posted successfully","timestamp":"2023-06-22 12:59:11"}
{"component":"user-service","level":"info","message":"Status for https updated successfully","timestamp":"2023-06-22 12:59:11"}
{"component":"user-service","level":"info","message":"1 Profile posts for https fetched successfully","timestamp":"2023-06-22 12:59:12"}
{"component":"user-service","level":"info","message":"Profile stats for https posted successfully","timestamp":"2023-06-22 13:02:31"}
{"component":"user-service","level":"info","message":"Status for https updated successfully","timestamp":"2023-06-22 13:02:31"}
{"component":"user-service","level":"info","message":"1 Profile posts for https fetched successfully","timestamp":"2023-06-22 13:02:32"}
{"component":"user-service","level":"info","message":"Profile stats for https posted successfully","timestamp":"2023-06-22 13:08:42"}
{"component":"user-service","level":"info","message":"Status for https updated successfully","timestamp":"2023-06-22 13:08:42"}
{"component":"user-service","level":"info","message":"1 Profile posts for https fetched successfully","timestamp":"2023-06-22 13:08:43"}
{"component":"user-service","level":"info","message":"Profile stats for https posted successfully","timestamp":"2023-06-22 13:10:22"}
{"component":"user-service","level":"info","message":"Status for https updated successfully","timestamp":"2023-06-22 13:10:22"}
{"component":"user-service","level":"info","message":"1 Profile posts for https fetched successfully","timestamp":"2023-06-22 13:10:23"}
{"component":"user-service","level":"info","message":"Profile stats for https posted successfully","timestamp":"2023-06-22 13:13:42"}
{"component":"user-service","level":"info","message":"Status for https updated successfully","timestamp":"2023-06-22 13:13:42"}
{"component":"user-service","level":"info","message":"1 Profile posts for https fetched successfully","timestamp":"2023-06-22 13:13:42"}
{"component":"user-service","level":"info","message":"Profile stats for https posted successfully","timestamp":"2023-06-22 13:15:24"}
{"component":"user-service","level":"info","message":"Status for https updated successfully","timestamp":"2023-06-22 13:15:24"}
{"component":"user-service","level":"info","message":"1 Profile posts for https fetched successfully","timestamp":"2023-06-22 13:15:25"}
{"component":"user-service","level":"info","message":"Profile stats for dinesh_sarvodey posted successfully","timestamp":"2023-06-22 13:39:37"}
{"component":"user-service","level":"info","message":"Status for dinesh_sarvodey updated successfully","timestamp":"2023-06-22 13:39:37"}
{"component":"user-service","level":"info","message":"12 Profile posts for dinesh_sarvodey fetched successfully","timestamp":"2023-06-22 13:39:39"}
{"component":"user-service","level":"info","message":"24 Profile posts for dinesh_sarvodey fetched successfully","timestamp":"2023-06-22 13:41:21"}
{"component":"user-service","level":"info","message":"36 Profile posts for dinesh_sarvodey fetched successfully","timestamp":"2023-06-22 13:43:03"}
{"component":"user-service","level":"info","message":"Profile stats for virat.kohli posted successfully","timestamp":"2023-06-22 13:44:35"}
{"component":"user-service","level":"info","message":"Status for virat.kohli updated successfully","timestamp":"2023-06-22 13:44:35"}
{"component":"user-service","level":"info","message":"12 Profile posts for virat.kohli fetched successfully","timestamp":"2023-06-22 13:44:36"}
{"component":"user-service","level":"info","message":"48 Profile posts for dinesh_sarvodey fetched successfully","timestamp":"2023-06-22 13:44:44"}
{"component":"user-service","level":"info","message":"24 Profile posts for virat.kohli fetched successfully","timestamp":"2023-06-22 13:46:18"}
{"component":"user-service","level":"info","message":"60 Profile posts for dinesh_sarvodey fetched successfully","timestamp":"2023-06-22 13:46:26"}
{"component":"user-service","level":"info","message":"36 Profile posts for virat.kohli fetched successfully","timestamp":"2023-06-22 13:47:59"}
{"component":"user-service","level":"info","message":"72 Profile posts for dinesh_sarvodey fetched successfully","timestamp":"2023-06-22 13:48:08"}
{"component":"user-service","level":"info","message":"Profile stats for mahi7781 posted successfully","timestamp":"2023-06-22 13:49:35"}
{"component":"user-service","level":"info","message":"Status for mahi7781 updated successfully","timestamp":"2023-06-22 13:49:35"}
{"component":"user-service","level":"info","message":"12 Profile posts for mahi7781 fetched successfully","timestamp":"2023-06-22 13:49:37"}
{"component":"user-service","level":"info","message":"48 Profile posts for virat.kohli fetched successfully","timestamp":"2023-06-22 13:49:41"}
{"component":"user-service","level":"info","message":"84 Profile posts for dinesh_sarvodey fetched successfully","timestamp":"2023-06-22 13:49:49"}
{"component":"user-service","level":"info","message":"24 Profile posts for mahi7781 fetched successfully","timestamp":"2023-06-22 13:51:18"}
{"component":"user-service","level":"info","message":"60 Profile posts for virat.kohli fetched successfully","timestamp":"2023-06-22 13:51:22"}
{"component":"user-service","level":"info","message":"96 Profile posts for dinesh_sarvodey fetched successfully","timestamp":"2023-06-22 13:51:30"}
{"component":"user-service","level":"info","message":"36 Profile posts for mahi7781 fetched successfully","timestamp":"2023-06-22 13:52:59"}
{"component":"user-service","level":"info","message":"72 Profile posts for virat.kohli fetched successfully","timestamp":"2023-06-22 13:53:04"}
{"component":"user-service","level":"info","message":"98 Profile posts for dinesh_sarvodey fetched successfully","timestamp":"2023-06-22 13:53:11"}
{"component":"user-service","level":"info","message":"48 Profile posts for mahi7781 fetched successfully","timestamp":"2023-06-22 13:54:40"}
{"component":"user-service","level":"info","message":"84 Profile posts for virat.kohli fetched successfully","timestamp":"2023-06-22 13:54:45"}
{"component":"user-service","level":"info","message":"60 Profile posts for mahi7781 fetched successfully","timestamp":"2023-06-22 13:56:21"}
{"component":"user-service","level":"info","message":"96 Profile posts for virat.kohli fetched successfully","timestamp":"2023-06-22 13:56:27"}
{"component":"user-service","level":"info","message":"72 Profile posts for mahi7781 fetched successfully","timestamp":"2023-06-22 13:58:02"}
{"component":"user-service","level":"info","message":"108 Profile posts for virat.kohli fetched successfully","timestamp":"2023-06-22 13:58:08"}
{"component":"user-service","level":"info","message":"84 Profile posts for mahi7781 fetched successfully","timestamp":"2023-06-22 13:59:42"}
{"component":"user-service","level":"info","message":"120 Profile posts for virat.kohli fetched successfully","timestamp":"2023-06-22 13:59:49"}
{"component":"user-service","level":"info","message":"96 Profile posts for mahi7781 fetched successfully","timestamp":"2023-06-22 14:01:23"}
{"component":"user-service","level":"info","message":"132 Profile posts for virat.kohli fetched successfully","timestamp":"2023-06-22 14:01:31"}
{"component":"user-service","level":"info","message":"108 Profile posts for mahi7781 fetched successfully","timestamp":"2023-06-22 14:03:04"}
{"component":"user-service","level":"info","message":"144 Profile posts for virat.kohli fetched successfully","timestamp":"2023-06-22 14:03:12"}
{"component":"user-service","level":"info","message":"156 Profile posts for virat.kohli fetched successfully","timestamp":"2023-06-22 14:04:54"}
{"component":"user-service","level":"info","message":"168 Profile posts for virat.kohli fetched successfully","timestamp":"2023-06-22 14:06:35"}
{"component":"user-service","level":"info","message":"180 Profile posts for virat.kohli fetched successfully","timestamp":"2023-06-22 14:08:16"}
{"component":"user-service","level":"info","message":"192 Profile posts for virat.kohli fetched successfully","timestamp":"2023-06-22 14:09:58"}
{"component":"user-service","level":"info","message":"204 Profile posts for virat.kohli fetched successfully","timestamp":"2023-06-22 14:11:39"}
{"component":"user-service","level":"info","message":"216 Profile posts for virat.kohli fetched successfully","timestamp":"2023-06-22 14:13:20"}
{"component":"user-service","level":"info","message":"228 Profile posts for virat.kohli fetched successfully","timestamp":"2023-06-22 14:15:01"}
{"component":"user-service","level":"info","message":"240 Profile posts for virat.kohli fetched successfully","timestamp":"2023-06-22 14:16:42"}
{"component":"user-service","level":"info","message":"252 Profile posts for virat.kohli fetched successfully","timestamp":"2023-06-22 14:18:24"}
{"component":"user-service","level":"info","message":"264 Profile posts for virat.kohli fetched successfully","timestamp":"2023-06-22 14:20:05"}
{"component":"user-service","level":"info","message":"276 Profile posts for virat.kohli fetched successfully","timestamp":"2023-06-22 14:21:47"}
{"component":"user-service","level":"info","message":"288 Profile posts for virat.kohli fetched successfully","timestamp":"2023-06-22 14:23:28"}
{"component":"user-service","level":"info","message":"300 Profile posts for virat.kohli fetched successfully","timestamp":"2023-06-22 14:25:09"}
{"component":"user-service","level":"info","message":"312 Profile posts for virat.kohli fetched successfully","timestamp":"2023-06-22 14:26:50"}
{"component":"user-service","level":"info","message":"324 Profile posts for virat.kohli fetched successfully","timestamp":"2023-06-22 14:28:31"}
{"component":"user-service","level":"info","message":"336 Profile posts for virat.kohli fetched successfully","timestamp":"2023-06-22 14:30:13"}
{"component":"user-service","level":"info","message":"348 Profile posts for virat.kohli fetched successfully","timestamp":"2023-06-22 14:31:54"}
{"component":"user-service","level":"info","message":"360 Profile posts for virat.kohli fetched successfully","timestamp":"2023-06-22 14:33:35"}
{"component":"user-service","level":"info","message":"372 Profile posts for virat.kohli fetched successfully","timestamp":"2023-06-22 14:35:16"}
{"component":"user-service","level":"info","message":"384 Profile posts for virat.kohli fetched successfully","timestamp":"2023-06-22 14:36:58"}
{"component":"user-service","level":"info","message":"396 Profile posts for virat.kohli fetched successfully","timestamp":"2023-06-22 14:38:39"}
{"component":"user-service","level":"info","message":"408 Profile posts for virat.kohli fetched successfully","timestamp":"2023-06-22 14:40:20"}
{"component":"user-service","level":"info","message":"420 Profile posts for virat.kohli fetched successfully","timestamp":"2023-06-22 14:42:01"}
{"component":"user-service","level":"info","message":"443 Profile posts for virat.kohli fetched successfully","timestamp":"2023-06-22 14:43:43"}
{"component":"user-service","level":"info","message":"455 Profile posts for virat.kohli fetched successfully","timestamp":"2023-06-22 14:45:25"}
{"component":"user-service","level":"info","message":"467 Profile posts for virat.kohli fetched successfully","timestamp":"2023-06-22 14:47:06"}
{"component":"user-service","level":"info","message":"479 Profile posts for virat.kohli fetched successfully","timestamp":"2023-06-22 14:48:47"}
{"component":"user-service","level":"info","message":"491 Profile posts for virat.kohli fetched successfully","timestamp":"2023-06-22 14:50:29"}
{"component":"user-service","level":"info","message":"503 Profile posts for virat.kohli fetched successfully","timestamp":"2023-06-22 14:52:10"}
{"component":"user-service","level":"info","message":"515 Profile posts for virat.kohli fetched successfully","timestamp":"2023-06-22 14:53:51"}
{"component":"user-service","level":"info","message":"527 Profile posts for virat.kohli fetched successfully","timestamp":"2023-06-22 14:55:32"}
{"component":"user-service","level":"info","message":"539 Profile posts for virat.kohli fetched successfully","timestamp":"2023-06-22 14:57:14"}
{"component":"user-service","level":"info","message":"551 Profile posts for virat.kohli fetched successfully","timestamp":"2023-06-22 14:58:55"}
{"component":"user-service","level":"info","message":"563 Profile posts for virat.kohli fetched successfully","timestamp":"2023-06-22 15:00:36"}
{"component":"user-service","level":"info","message":"575 Profile posts for virat.kohli fetched successfully","timestamp":"2023-06-22 15:02:18"}
{"component":"user-service","level":"info","message":"587 Profile posts for virat.kohli fetched successfully","timestamp":"2023-06-22 15:03:59"}
{"component":"user-service","level":"info","message":"599 Profile posts for virat.kohli fetched successfully","timestamp":"2023-06-22 15:05:40"}
{"component":"user-service","level":"info","message":"611 Profile posts for virat.kohli fetched successfully","timestamp":"2023-06-22 15:07:21"}
{"component":"user-service","level":"info","message":"623 Profile posts for virat.kohli fetched successfully","timestamp":"2023-06-22 15:09:02"}
{"component":"user-service","level":"info","message":"635 Profile posts for virat.kohli fetched successfully","timestamp":"2023-06-22 15:10:43"}
{"component":"user-service","level":"info","message":"647 Profile posts for virat.kohli fetched successfully","timestamp":"2023-06-22 15:12:25"}
{"component":"user-service","level":"info","message":"659 Profile posts for virat.kohli fetched successfully","timestamp":"2023-06-22 15:14:06"}
{"component":"user-service","level":"info","message":"12 Profile posts for sudha_murthy_official fetched successfully","timestamp":"2023-06-22 15:16:25"}
{"component":"user-service","level":"info","message":"12 Profile posts for sudha_murthy_official fetched successfully","timestamp":"2023-06-22 15:20:01"}
{"component":"user-service","level":"info","message":"12 Profile posts for sudha_murthy_official fetched successfully","timestamp":"2023-06-22 15:20:24"}
{"component":"user-service","level":"info","message":"24 Profile posts for sudha_murthy_official fetched successfully","timestamp":"2023-06-22 15:22:05"}
{"component":"user-service","level":"info","message":"12 Profile posts for the_economic_times fetched successfully","timestamp":"2023-06-22 15:24:17"}
