{"component":"user-service","level":"info","message":"0 Profile posts for idiot fetched successfully","timestamp":"2023-07-30 05:30:42"}
{"component":"user-service","level":"info","message":"0 Profile posts for idiot fetched successfully","timestamp":"2023-07-30 05:32:23"}
{"component":"user-service","level":"info","message":"0 Profile posts for idiot fetched successfully","timestamp":"2023-07-30 05:34:03"}
{"component":"user-service","level":"info","message":"0 Profile posts for idiot fetched successfully","timestamp":"2023-07-30 05:35:44"}
{"component":"user-service","level":"info","message":"0 Profile posts for idiot fetched successfully","timestamp":"2023-07-30 05:37:23"}
{"component":"user-service","level":"info","message":"0 Profile posts for idiot fetched successfully","timestamp":"2023-07-30 05:39:05"}
{"component":"user-service","level":"info","message":"0 Profile posts for idiot fetched successfully","timestamp":"2023-07-30 05:40:42"}
{"component":"user-service","level":"info","message":"0 Profile posts for idiot fetched successfully","timestamp":"2023-07-30 05:42:22"}
{"component":"user-service","level":"info","message":"0 Profile posts for idiot fetched successfully","timestamp":"2023-07-30 05:44:02"}
{"component":"user-service","level":"info","message":"0 Profile posts for idiot fetched successfully","timestamp":"2023-07-30 05:45:43"}
{"component":"user-service","level":"info","message":"0 Profile posts for idiot fetched successfully","timestamp":"2023-07-30 05:47:22"}
{"component":"user-service","level":"info","message":"0 Profile posts for idiot fetched successfully","timestamp":"2023-07-30 05:49:03"}
{"component":"user-service","level":"info","message":"0 Profile posts for idiot fetched successfully","timestamp":"2023-07-30 05:50:44"}
{"component":"user-service","level":"info","message":"0 Profile posts for idiot fetched successfully","timestamp":"2023-07-30 05:52:25"}
{"component":"user-service","level":"info","message":"0 Profile posts for idiot fetched successfully","timestamp":"2023-07-30 05:54:02"}
{"component":"user-service","level":"info","message":"0 Profile posts for idiot fetched successfully","timestamp":"2023-07-30 05:55:46"}
{"component":"user-service","level":"info","message":"0 Profile posts for idiot fetched successfully","timestamp":"2023-07-30 05:57:24"}
{"component":"user-service","level":"info","message":"0 Profile posts for idiot fetched successfully","timestamp":"2023-07-30 05:59:04"}
{"component":"user-service","level":"info","message":"0 Profile posts for idiot fetched successfully","timestamp":"2023-07-30 06:00:45"}
{"component":"user-service","level":"info","message":"0 Profile posts for idiot fetched successfully","timestamp":"2023-07-30 06:02:24"}
{"component":"user-service","level":"info","message":"0 Profile posts for idiot fetched successfully","timestamp":"2023-07-30 06:04:02"}
{"component":"user-service","level":"info","message":"0 Profile posts for idiot fetched successfully","timestamp":"2023-07-30 06:05:47"}
{"component":"user-service","level":"info","message":"0 Profile posts for idiot fetched successfully","timestamp":"2023-07-30 06:07:23"}
{"component":"user-service","level":"info","message":"0 Profile posts for idiot fetched successfully","timestamp":"2023-07-30 06:09:03"}
{"component":"user-service","level":"info","message":"0 Profile posts for idiot fetched successfully","timestamp":"2023-07-30 06:10:43"}
{"component":"user-service","level":"info","message":"0 Profile posts for idiot fetched successfully","timestamp":"2023-07-30 06:12:23"}
{"component":"user-service","level":"info","message":"0 Profile posts for idiot fetched successfully","timestamp":"2023-07-30 06:14:03"}
{"component":"user-service","level":"info","message":"0 Profile posts for idiot fetched successfully","timestamp":"2023-07-30 06:15:48"}
{"component":"user-service","level":"info","message":"0 Profile posts for idiot fetched successfully","timestamp":"2023-07-30 06:17:24"}
{"component":"user-service","level":"info","message":"0 Profile posts for idiot fetched successfully","timestamp":"2023-07-30 06:19:04"}
{"component":"user-service","level":"info","message":"0 Profile posts for idiot fetched successfully","timestamp":"2023-07-30 06:20:43"}
{"component":"user-service","level":"info","message":"0 Profile posts for idiot fetched successfully","timestamp":"2023-07-30 06:22:23"}
{"component":"user-service","level":"info","message":"0 Profile posts for idiot fetched successfully","timestamp":"2023-07-30 06:24:04"}
{"component":"user-service","level":"info","message":"0 Profile posts for idiot fetched successfully","timestamp":"2023-07-30 06:25:42"}
{"component":"user-service","level":"info","message":"0 Profile posts for idiot fetched successfully","timestamp":"2023-07-30 06:27:23"}
{"component":"user-service","level":"info","message":"0 Profile posts for idiot fetched successfully","timestamp":"2023-07-30 06:29:04"}
{"component":"user-service","level":"info","message":"0 Profile posts for idiot fetched successfully","timestamp":"2023-07-30 06:30:42"}
{"component":"user-service","level":"info","message":"0 Profile posts for idiot fetched successfully","timestamp":"2023-07-30 06:32:22"}
{"component":"user-service","level":"info","message":"0 Profile posts for idiot fetched successfully","timestamp":"2023-07-30 06:34:04"}
{"component":"user-service","level":"info","message":"0 Profile posts for idiot fetched successfully","timestamp":"2023-07-30 06:35:46"}
{"component":"user-service","level":"info","message":"0 Profile posts for idiot fetched successfully","timestamp":"2023-07-30 06:37:22"}
{"component":"user-service","level":"info","message":"0 Profile posts for idiot fetched successfully","timestamp":"2023-07-30 06:39:02"}
{"component":"user-service","level":"info","message":"0 Profile posts for idiot fetched successfully","timestamp":"2023-07-30 06:40:45"}
{"component":"user-service","level":"info","message":"0 Profile posts for idiot fetched successfully","timestamp":"2023-07-30 06:42:24"}
{"component":"user-service","level":"info","message":"0 Profile posts for idiot fetched successfully","timestamp":"2023-07-30 06:44:02"}
{"component":"user-service","level":"info","message":"0 Profile posts for idiot fetched successfully","timestamp":"2023-07-30 06:45:42"}
{"component":"user-service","level":"info","message":"0 Profile posts for idiot fetched successfully","timestamp":"2023-07-30 06:47:23"}
{"component":"user-service","level":"info","message":"0 Profile posts for idiot fetched successfully","timestamp":"2023-07-30 06:49:03"}
{"component":"user-service","level":"info","message":"0 Profile posts for idiot fetched successfully","timestamp":"2023-07-30 06:50:42"}
{"component":"user-service","level":"info","message":"0 Profile posts for idiot fetched successfully","timestamp":"2023-07-30 06:52:22"}
{"component":"user-service","level":"info","message":"0 Profile posts for idiot fetched successfully","timestamp":"2023-07-30 06:54:05"}
{"component":"user-service","level":"info","message":"0 Profile posts for idiot fetched successfully","timestamp":"2023-07-30 06:55:43"}
{"component":"user-service","level":"info","message":"0 Profile posts for idiot fetched successfully","timestamp":"2023-07-30 06:57:23"}
{"component":"user-service","level":"info","message":"0 Profile posts for idiot fetched successfully","timestamp":"2023-07-30 06:59:02"}
{"component":"user-service","level":"info","message":"0 Profile posts for idiot fetched successfully","timestamp":"2023-07-30 07:00:44"}
{"component":"user-service","level":"info","message":"0 Profile posts for idiot fetched successfully","timestamp":"2023-07-30 07:02:25"}
{"component":"user-service","level":"info","message":"0 Profile posts for idiot fetched successfully","timestamp":"2023-07-30 07:04:03"}
{"component":"user-service","level":"info","message":"0 Profile posts for idiot fetched successfully","timestamp":"2023-07-30 07:05:43"}
{"component":"user-service","level":"info","message":"0 Profile posts for idiot fetched successfully","timestamp":"2023-07-30 07:07:22"}
{"component":"user-service","level":"info","message":"0 Profile posts for idiot fetched successfully","timestamp":"2023-07-30 07:09:02"}
{"component":"user-service","level":"info","message":"0 Profile posts for idiot fetched successfully","timestamp":"2023-07-30 07:10:42"}
{"component":"user-service","level":"info","message":"0 Profile posts for idiot fetched successfully","timestamp":"2023-07-30 07:12:22"}
{"component":"user-service","level":"info","message":"0 Profile posts for idiot fetched successfully","timestamp":"2023-07-30 07:14:02"}
{"component":"user-service","level":"info","message":"0 Profile posts for idiot fetched successfully","timestamp":"2023-07-30 07:15:42"}
{"component":"user-service","level":"info","message":"0 Profile posts for idiot fetched successfully","timestamp":"2023-07-30 07:17:25"}
{"component":"user-service","level":"info","message":"0 Profile posts for idiot fetched successfully","timestamp":"2023-07-30 07:19:05"}
{"component":"user-service","level":"info","message":"0 Profile posts for idiot fetched successfully","timestamp":"2023-07-30 07:20:43"}
{"component":"user-service","level":"info","message":"0 Profile posts for idiot fetched successfully","timestamp":"2023-07-30 07:22:25"}
{"component":"user-service","level":"info","message":"0 Profile posts for idiot fetched successfully","timestamp":"2023-07-30 07:24:03"}
{"component":"user-service","level":"info","message":"0 Profile posts for idiot fetched successfully","timestamp":"2023-07-30 07:25:43"}
{"component":"user-service","level":"info","message":"0 Profile posts for idiot fetched successfully","timestamp":"2023-07-30 07:27:23"}
{"component":"user-service","level":"info","message":"0 Profile posts for idiot fetched successfully","timestamp":"2023-07-30 07:29:05"}
{"component":"user-service","level":"info","message":"0 Profile posts for idiot fetched successfully","timestamp":"2023-07-30 07:30:44"}
{"component":"user-service","level":"info","message":"0 Profile posts for idiot fetched successfully","timestamp":"2023-07-30 07:32:23"}
{"component":"user-service","level":"info","message":"0 Profile posts for idiot fetched successfully","timestamp":"2023-07-30 07:34:02"}
{"component":"user-service","level":"info","message":"0 Profile posts for idiot fetched successfully","timestamp":"2023-07-30 07:35:43"}
{"component":"user-service","level":"info","message":"0 Profile posts for idiot fetched successfully","timestamp":"2023-07-30 07:37:23"}
{"component":"user-service","level":"info","message":"0 Profile posts for idiot fetched successfully","timestamp":"2023-07-30 07:39:03"}
{"component":"user-service","level":"info","message":"0 Profile posts for idiot fetched successfully","timestamp":"2023-07-30 07:40:45"}
{"component":"user-service","level":"info","message":"0 Profile posts for idiot fetched successfully","timestamp":"2023-07-30 07:42:24"}
{"component":"user-service","level":"info","message":"0 Profile posts for idiot fetched successfully","timestamp":"2023-07-30 07:44:01"}
{"component":"user-service","level":"info","message":"0 Profile posts for idiot fetched successfully","timestamp":"2023-07-30 07:45:43"}
{"component":"user-service","level":"info","message":"0 Profile posts for idiot fetched successfully","timestamp":"2023-07-30 07:47:25"}
{"component":"user-service","level":"info","message":"0 Profile posts for idiot fetched successfully","timestamp":"2023-07-30 07:49:04"}
{"component":"user-service","level":"info","message":"0 Profile posts for idiot fetched successfully","timestamp":"2023-07-30 07:50:43"}
{"component":"user-service","level":"info","message":"0 Profile posts for idiot fetched successfully","timestamp":"2023-07-30 07:52:26"}
{"component":"user-service","level":"info","message":"0 Profile posts for idiot fetched successfully","timestamp":"2023-07-30 07:54:04"}
{"component":"user-service","level":"info","message":"0 Profile posts for idiot fetched successfully","timestamp":"2023-07-30 07:55:42"}
{"component":"user-service","level":"info","message":"0 Profile posts for idiot fetched successfully","timestamp":"2023-07-30 07:57:22"}
{"component":"user-service","level":"info","message":"0 Profile posts for idiot fetched successfully","timestamp":"2023-07-30 07:59:06"}
{"component":"user-service","level":"info","message":"0 Profile posts for idiot fetched successfully","timestamp":"2023-07-30 08:00:43"}
{"component":"user-service","level":"info","message":"0 Profile posts for idiot fetched successfully","timestamp":"2023-07-30 08:02:24"}
{"component":"user-service","level":"info","message":"0 Profile posts for idiot fetched successfully","timestamp":"2023-07-30 08:04:04"}
{"component":"user-service","level":"info","message":"0 Profile posts for idiot fetched successfully","timestamp":"2023-07-30 08:05:44"}
{"component":"user-service","level":"info","message":"0 Profile posts for idiot fetched successfully","timestamp":"2023-07-30 08:07:24"}
{"component":"user-service","level":"info","message":"0 Profile posts for idiot fetched successfully","timestamp":"2023-07-30 08:09:03"}
{"component":"user-service","level":"info","message":"0 Profile posts for idiot fetched successfully","timestamp":"2023-07-30 08:10:44"}
{"component":"user-service","level":"info","message":"0 Profile posts for idiot fetched successfully","timestamp":"2023-07-30 08:12:28"}
{"component":"user-service","level":"info","message":"0 Profile posts for idiot fetched successfully","timestamp":"2023-07-30 08:14:02"}
{"component":"user-service","level":"info","message":"0 Profile posts for idiot fetched successfully","timestamp":"2023-07-30 08:15:46"}
{"component":"user-service","level":"info","message":"0 Profile posts for idiot fetched successfully","timestamp":"2023-07-30 08:17:25"}
{"component":"user-service","level":"info","message":"0 Profile posts for idiot fetched successfully","timestamp":"2023-07-30 08:19:03"}
{"component":"user-service","level":"info","message":"0 Profile posts for idiot fetched successfully","timestamp":"2023-07-30 08:20:42"}
{"component":"user-service","level":"info","message":"0 Profile posts for idiot fetched successfully","timestamp":"2023-07-30 08:22:24"}
{"component":"user-service","level":"info","message":"0 Profile posts for idiot fetched successfully","timestamp":"2023-07-30 08:24:05"}
{"component":"user-service","level":"info","message":"0 Profile posts for idiot fetched successfully","timestamp":"2023-07-30 08:25:45"}
{"component":"user-service","level":"info","message":"0 Profile posts for idiot fetched successfully","timestamp":"2023-07-30 08:27:26"}
{"component":"user-service","level":"info","message":"0 Profile posts for idiot fetched successfully","timestamp":"2023-07-30 08:29:04"}
{"component":"user-service","level":"info","message":"0 Profile posts for idiot fetched successfully","timestamp":"2023-07-30 08:30:43"}
{"component":"user-service","level":"info","message":"0 Profile posts for idiot fetched successfully","timestamp":"2023-07-30 08:32:24"}
{"component":"user-service","level":"info","message":"0 Profile posts for idiot fetched successfully","timestamp":"2023-07-30 08:34:02"}
{"component":"user-service","level":"info","message":"0 Profile posts for idiot fetched successfully","timestamp":"2023-07-30 08:35:43"}
{"component":"user-service","level":"info","message":"0 Profile posts for idiot fetched successfully","timestamp":"2023-07-30 08:37:23"}
{"component":"user-service","level":"info","message":"0 Profile posts for idiot fetched successfully","timestamp":"2023-07-30 08:39:03"}
{"component":"user-service","level":"info","message":"0 Profile posts for idiot fetched successfully","timestamp":"2023-07-30 08:40:42"}
{"component":"user-service","level":"info","message":"0 Profile posts for idiot fetched successfully","timestamp":"2023-07-30 08:42:23"}
{"component":"user-service","level":"info","message":"0 Profile posts for idiot fetched successfully","timestamp":"2023-07-30 08:44:03"}
{"component":"user-service","level":"info","message":"0 Profile posts for idiot fetched successfully","timestamp":"2023-07-30 08:45:42"}
{"component":"user-service","level":"info","message":"User idiot deleted from redis","timestamp":"2023-07-30 16:42:25"}
{"component":"user-service","level":"info","message":"Current POST thread count: 1","timestamp":"2023-07-30 16:42:25"}
{"component":"user-service","level":"info","message":"Current REEL thread count: 1","timestamp":"2023-07-30 16:42:25"}
{"component":"user-service","level":"info","message":"User idiot deleted from redis","timestamp":"2023-07-30 16:44:03"}
{"component":"user-service","level":"info","message":"Current POST thread count: 2","timestamp":"2023-07-30 16:44:03"}
{"component":"user-service","level":"info","message":"Current REEL thread count: 2","timestamp":"2023-07-30 16:44:03"}
{"component":"user-service","level":"info","message":"User idiot deleted from redis","timestamp":"2023-07-30 16:45:42"}
{"component":"user-service","level":"info","message":"Current POST thread count: 3","timestamp":"2023-07-30 16:45:42"}
{"component":"user-service","level":"info","message":"Current REEL thread count: 3","timestamp":"2023-07-30 16:45:42"}
{"component":"user-service","level":"info","message":"User idiot deleted from redis","timestamp":"2023-07-30 16:47:21"}
{"component":"user-service","level":"info","message":"Current POST thread count: 4","timestamp":"2023-07-30 16:47:21"}
{"component":"user-service","level":"info","message":"Current REEL thread count: 4","timestamp":"2023-07-30 16:47:21"}
{"component":"user-service","level":"info","message":"User idiot deleted from redis","timestamp":"2023-07-30 16:49:02"}
{"component":"user-service","level":"info","message":"Current POST thread count: 4","timestamp":"2023-07-30 16:49:02"}
{"component":"user-service","level":"info","message":"Current REEL thread count: 4","timestamp":"2023-07-30 16:49:02"}
{"component":"user-service","level":"info","message":"0 Profile posts for thedivyahood fetched successfully","timestamp":"2023-07-31 05:05:49"}
{"component":"user-service","level":"info","message":"9 Profile reels for my_handwriting_987 fetched successfully","timestamp":"2023-07-31 05:07:31"}
{"component":"user-service","level":"info","message":"12 Profile posts for my_handwriting_987 fetched successfully","timestamp":"2023-07-31 05:07:32"}
{"component":"user-service","level":"info","message":"my_handwriting_987 9 reels inserted","timestamp":"2023-07-31 05:07:32"}
{"component":"user-service","level":"info","message":"18 Profile reels for my_handwriting_987 fetched successfully","timestamp":"2023-07-31 05:09:13"}
{"component":"user-service","level":"info","message":"9 Profile reels for iamaswinram fetched successfully","timestamp":"2023-07-31 05:09:13"}
{"component":"user-service","level":"info","message":"20 Profile posts for iamaswinram fetched successfully","timestamp":"2023-07-31 05:09:13"}
{"component":"user-service","level":"info","message":"24 Profile posts for my_handwriting_987 fetched successfully","timestamp":"2023-07-31 05:09:13"}
{"component":"user-service","level":"info","message":"my_handwriting_987 18 reels inserted","timestamp":"2023-07-31 05:09:13"}
{"component":"user-service","level":"info","message":"iamaswinram 9 reels inserted","timestamp":"2023-07-31 05:09:14"}
{"component":"user-service","level":"info","message":"12 Profile posts for thelegacyofindia fetched successfully","timestamp":"2023-07-31 05:10:52"}
{"component":"user-service","level":"info","message":"9 Profile reels for thelegacyofindia fetched successfully","timestamp":"2023-07-31 05:10:52"}
{"component":"user-service","level":"info","message":"thelegacyofindia 9 reels inserted","timestamp":"2023-07-31 05:10:53"}
{"component":"user-service","level":"info","message":"27 Profile reels for my_handwriting_987 fetched successfully","timestamp":"2023-07-31 05:10:54"}
{"component":"user-service","level":"info","message":"32 Profile posts for iamaswinram fetched successfully","timestamp":"2023-07-31 05:10:54"}
{"component":"user-service","level":"info","message":"my_handwriting_987 27 reels inserted","timestamp":"2023-07-31 05:10:54"}
{"component":"user-service","level":"info","message":"36 Profile posts for my_handwriting_987 fetched successfully","timestamp":"2023-07-31 05:10:55"}
{"component":"user-service","level":"info","message":"18 Profile reels for iamaswinram fetched successfully","timestamp":"2023-07-31 05:10:55"}
{"component":"user-service","level":"info","message":"iamaswinram 18 reels inserted","timestamp":"2023-07-31 05:10:55"}
{"component":"user-service","level":"info","message":"24 Profile posts for thelegacyofindia fetched successfully","timestamp":"2023-07-31 05:12:33"}
{"component":"user-service","level":"info","message":"9 Profile reels for pepperfry_official fetched successfully","timestamp":"2023-07-31 05:12:33"}
{"component":"user-service","level":"info","message":"12 Profile posts for pepperfry_official fetched successfully","timestamp":"2023-07-31 05:12:33"}
{"component":"user-service","level":"info","message":"18 Profile reels for thelegacyofindia fetched successfully","timestamp":"2023-07-31 05:12:33"}
{"component":"user-service","level":"info","message":"pepperfry_official 9 reels inserted","timestamp":"2023-07-31 05:12:34"}
{"component":"user-service","level":"info","message":"thelegacyofindia 18 reels inserted","timestamp":"2023-07-31 05:12:34"}
{"component":"user-service","level":"info","message":"36 Profile reels for my_handwriting_987 fetched successfully","timestamp":"2023-07-31 05:12:35"}
{"component":"user-service","level":"info","message":"my_handwriting_987 36 reels inserted","timestamp":"2023-07-31 05:12:36"}
{"component":"user-service","level":"info","message":"27 Profile reels for iamaswinram fetched successfully","timestamp":"2023-07-31 05:12:36"}
{"component":"user-service","level":"info","message":"55 Profile posts for iamaswinram fetched successfully","timestamp":"2023-07-31 05:12:36"}
{"component":"user-service","level":"info","message":"48 Profile posts for my_handwriting_987 fetched successfully","timestamp":"2023-07-31 05:12:36"}
{"component":"user-service","level":"info","message":"iamaswinram 27 reels inserted","timestamp":"2023-07-31 05:12:36"}
{"component":"user-service","level":"info","message":"fxpay_services 0 reels inserted","timestamp":"2023-07-31 05:14:10"}
{"component":"user-service","level":"info","message":"9 Profile posts for fxpay_services fetched successfully","timestamp":"2023-07-31 05:14:10"}
{"component":"user-service","level":"info","message":"36 Profile posts for thelegacyofindia fetched successfully","timestamp":"2023-07-31 05:14:14"}
{"component":"user-service","level":"info","message":"18 Profile reels for pepperfry_official fetched successfully","timestamp":"2023-07-31 05:14:15"}
{"component":"user-service","level":"info","message":"27 Profile reels for thelegacyofindia fetched successfully","timestamp":"2023-07-31 05:14:15"}
{"component":"user-service","level":"info","message":"24 Profile posts for pepperfry_official fetched successfully","timestamp":"2023-07-31 05:14:15"}
{"component":"user-service","level":"info","message":"pepperfry_official 18 reels inserted","timestamp":"2023-07-31 05:14:15"}
{"component":"user-service","level":"info","message":"thelegacyofindia 27 reels inserted","timestamp":"2023-07-31 05:14:16"}
{"component":"user-service","level":"info","message":"45 Profile reels for my_handwriting_987 fetched successfully","timestamp":"2023-07-31 05:14:16"}
{"component":"user-service","level":"info","message":"my_handwriting_987 45 reels inserted","timestamp":"2023-07-31 05:14:17"}
{"component":"user-service","level":"info","message":"36 Profile reels for iamaswinram fetched successfully","timestamp":"2023-07-31 05:14:17"}
{"component":"user-service","level":"info","message":"iamaswinram 36 reels inserted","timestamp":"2023-07-31 05:14:17"}
{"component":"user-service","level":"info","message":"67 Profile posts for iamaswinram fetched successfully","timestamp":"2023-07-31 05:14:17"}
{"component":"user-service","level":"info","message":"60 Profile posts for my_handwriting_987 fetched successfully","timestamp":"2023-07-31 05:14:17"}
{"component":"user-service","level":"info","message":"mittalsunils 0 reels inserted","timestamp":"2023-07-31 05:15:48"}
{"component":"user-service","level":"info","message":"12 Profile posts for mittalsunils fetched successfully","timestamp":"2023-07-31 05:15:48"}
{"component":"user-service","level":"info","message":"48 Profile posts for thelegacyofindia fetched successfully","timestamp":"2023-07-31 05:15:55"}
{"component":"user-service","level":"info","message":"36 Profile reels for thelegacyofindia fetched successfully","timestamp":"2023-07-31 05:15:56"}
{"component":"user-service","level":"info","message":"27 Profile reels for pepperfry_official fetched successfully","timestamp":"2023-07-31 05:15:56"}
{"component":"user-service","level":"info","message":"thelegacyofindia 36 reels inserted","timestamp":"2023-07-31 05:15:57"}
{"component":"user-service","level":"info","message":"47 Profile posts for pepperfry_official fetched successfully","timestamp":"2023-07-31 05:15:57"}
{"component":"user-service","level":"info","message":"pepperfry_official 27 reels inserted","timestamp":"2023-07-31 05:15:57"}
{"component":"user-service","level":"info","message":"54 Profile reels for my_handwriting_987 fetched successfully","timestamp":"2023-07-31 05:15:57"}
{"component":"user-service","level":"info","message":"45 Profile reels for iamaswinram fetched successfully","timestamp":"2023-07-31 05:15:58"}
{"component":"user-service","level":"info","message":"my_handwriting_987 54 reels inserted","timestamp":"2023-07-31 05:15:58"}
{"component":"user-service","level":"info","message":"iamaswinram 45 reels inserted","timestamp":"2023-07-31 05:15:58"}
{"component":"user-service","level":"info","message":"72 Profile posts for my_handwriting_987 fetched successfully","timestamp":"2023-07-31 05:15:58"}
{"component":"user-service","level":"info","message":"88 Profile posts for iamaswinram fetched successfully","timestamp":"2023-07-31 05:15:59"}
{"component":"user-service","level":"info","message":"0 Profile posts for ayraa__17 fetched successfully","timestamp":"2023-07-31 05:17:23"}
{"component":"user-service","level":"info","message":"24 Profile posts for mittalsunils fetched successfully","timestamp":"2023-07-31 05:17:29"}
{"component":"user-service","level":"info","message":"60 Profile posts for thelegacyofindia fetched successfully","timestamp":"2023-07-31 05:17:37"}
{"component":"user-service","level":"info","message":"45 Profile reels for thelegacyofindia fetched successfully","timestamp":"2023-07-31 05:17:37"}
{"component":"user-service","level":"info","message":"36 Profile reels for pepperfry_official fetched successfully","timestamp":"2023-07-31 05:17:38"}
{"component":"user-service","level":"info","message":"thelegacyofindia 45 reels inserted","timestamp":"2023-07-31 05:17:38"}
{"component":"user-service","level":"info","message":"pepperfry_official 36 reels inserted","timestamp":"2023-07-31 05:17:38"}
{"component":"user-service","level":"info","message":"63 Profile reels for my_handwriting_987 fetched successfully","timestamp":"2023-07-31 05:17:39"}
{"component":"user-service","level":"info","message":"59 Profile posts for pepperfry_official fetched successfully","timestamp":"2023-07-31 05:17:39"}
{"component":"user-service","level":"info","message":"54 Profile reels for iamaswinram fetched successfully","timestamp":"2023-07-31 05:17:39"}
{"component":"user-service","level":"info","message":"iamaswinram 54 reels inserted","timestamp":"2023-07-31 05:17:39"}
{"component":"user-service","level":"info","message":"my_handwriting_987 63 reels inserted","timestamp":"2023-07-31 05:17:39"}
{"component":"user-service","level":"info","message":"84 Profile posts for my_handwriting_987 fetched successfully","timestamp":"2023-07-31 05:17:40"}
{"component":"user-service","level":"info","message":"100 Profile posts for iamaswinram fetched successfully","timestamp":"2023-07-31 05:17:40"}
{"component":"user-service","level":"info","message":"36 Profile posts for mittalsunils fetched successfully","timestamp":"2023-07-31 05:19:10"}
{"component":"user-service","level":"info","message":"12 Profile posts for timesofindia fetched successfully","timestamp":"2023-07-31 05:19:12"}
{"component":"user-service","level":"info","message":"72 Profile posts for thelegacyofindia fetched successfully","timestamp":"2023-07-31 05:19:18"}
{"component":"user-service","level":"info","message":"54 Profile reels for thelegacyofindia fetched successfully","timestamp":"2023-07-31 05:19:19"}
{"component":"user-service","level":"info","message":"thelegacyofindia 54 reels inserted","timestamp":"2023-07-31 05:19:19"}
{"component":"user-service","level":"info","message":"45 Profile reels for pepperfry_official fetched successfully","timestamp":"2023-07-31 05:19:19"}
{"component":"user-service","level":"info","message":"pepperfry_official 45 reels inserted","timestamp":"2023-07-31 05:19:20"}
{"component":"user-service","level":"info","message":"63 Profile reels for iamaswinram fetched successfully","timestamp":"2023-07-31 05:19:20"}
{"component":"user-service","level":"info","message":"72 Profile reels for my_handwriting_987 fetched successfully","timestamp":"2023-07-31 05:19:20"}
{"component":"user-service","level":"info","message":"71 Profile posts for pepperfry_official fetched successfully","timestamp":"2023-07-31 05:19:20"}
{"component":"user-service","level":"info","message":"iamaswinram 63 reels inserted","timestamp":"2023-07-31 05:19:20"}
{"component":"user-service","level":"info","message":"my_handwriting_987 72 reels inserted","timestamp":"2023-07-31 05:19:20"}
{"component":"user-service","level":"info","message":"96 Profile posts for my_handwriting_987 fetched successfully","timestamp":"2023-07-31 05:19:21"}
{"component":"user-service","level":"info","message":"112 Profile posts for iamaswinram fetched successfully","timestamp":"2023-07-31 05:19:21"}
{"component":"user-service","level":"info","message":"12 Profile posts for itshimaja fetched successfully","timestamp":"2023-07-31 05:20:53"}
{"component":"user-service","level":"info","message":"9 Profile reels for itshimaja fetched successfully","timestamp":"2023-07-31 05:20:53"}
{"component":"user-service","level":"info","message":"24 Profile posts for timesofindia fetched successfully","timestamp":"2023-07-31 05:20:54"}
{"component":"user-service","level":"info","message":"itshimaja 9 reels inserted","timestamp":"2023-07-31 05:20:54"}
{"component":"user-service","level":"info","message":"84 Profile posts for thelegacyofindia fetched successfully","timestamp":"2023-07-31 05:20:59"}
{"component":"user-service","level":"info","message":"63 Profile reels for thelegacyofindia fetched successfully","timestamp":"2023-07-31 05:21:00"}
{"component":"user-service","level":"info","message":"thelegacyofindia 63 reels inserted","timestamp":"2023-07-31 05:21:00"}
{"component":"user-service","level":"info","message":"54 Profile reels for pepperfry_official fetched successfully","timestamp":"2023-07-31 05:21:00"}
{"component":"user-service","level":"info","message":"72 Profile reels for iamaswinram fetched successfully","timestamp":"2023-07-31 05:21:01"}
{"component":"user-service","level":"info","message":"pepperfry_official 54 reels inserted","timestamp":"2023-07-31 05:21:01"}
{"component":"user-service","level":"info","message":"iamaswinram 72 reels inserted","timestamp":"2023-07-31 05:21:01"}
{"component":"user-service","level":"info","message":"81 Profile reels for my_handwriting_987 fetched successfully","timestamp":"2023-07-31 05:21:01"}
{"component":"user-service","level":"info","message":"83 Profile posts for pepperfry_official fetched successfully","timestamp":"2023-07-31 05:21:02"}
{"component":"user-service","level":"info","message":"my_handwriting_987 81 reels inserted","timestamp":"2023-07-31 05:21:02"}
{"component":"user-service","level":"info","message":"108 Profile posts for my_handwriting_987 fetched successfully","timestamp":"2023-07-31 05:21:02"}
{"component":"user-service","level":"info","message":"124 Profile posts for iamaswinram fetched successfully","timestamp":"2023-07-31 05:21:02"}
{"component":"user-service","level":"info","message":"12 Profile posts for gouthamijadav fetched successfully","timestamp":"2023-07-31 05:22:32"}
{"component":"user-service","level":"info","message":"9 Profile reels for gouthamijadav fetched successfully","timestamp":"2023-07-31 05:22:32"}
{"component":"user-service","level":"info","message":"gouthamijadav 9 reels inserted","timestamp":"2023-07-31 05:22:33"}
{"component":"user-service","level":"info","message":"35 Profile posts for itshimaja fetched successfully","timestamp":"2023-07-31 05:22:34"}
{"component":"user-service","level":"info","message":"18 Profile reels for itshimaja fetched successfully","timestamp":"2023-07-31 05:22:35"}
{"component":"user-service","level":"info","message":"36 Profile posts for timesofindia fetched successfully","timestamp":"2023-07-31 05:22:35"}
{"component":"user-service","level":"info","message":"itshimaja 18 reels inserted","timestamp":"2023-07-31 05:22:36"}
{"component":"user-service","level":"info","message":"96 Profile posts for thelegacyofindia fetched successfully","timestamp":"2023-07-31 05:22:40"}
{"component":"user-service","level":"info","message":"72 Profile reels for thelegacyofindia fetched successfully","timestamp":"2023-07-31 05:22:41"}
{"component":"user-service","level":"info","message":"thelegacyofindia 72 reels inserted","timestamp":"2023-07-31 05:22:41"}
{"component":"user-service","level":"info","message":"63 Profile reels for pepperfry_official fetched successfully","timestamp":"2023-07-31 05:22:42"}
{"component":"user-service","level":"info","message":"81 Profile reels for iamaswinram fetched successfully","timestamp":"2023-07-31 05:22:42"}
{"component":"user-service","level":"info","message":"iamaswinram 81 reels inserted","timestamp":"2023-07-31 05:22:42"}
{"component":"user-service","level":"info","message":"pepperfry_official 63 reels inserted","timestamp":"2023-07-31 05:22:42"}
{"component":"user-service","level":"info","message":"90 Profile reels for my_handwriting_987 fetched successfully","timestamp":"2023-07-31 05:22:42"}
{"component":"user-service","level":"info","message":"my_handwriting_987 90 reels inserted","timestamp":"2023-07-31 05:22:43"}
{"component":"user-service","level":"info","message":"95 Profile posts for pepperfry_official fetched successfully","timestamp":"2023-07-31 05:22:43"}
{"component":"user-service","level":"info","message":"120 Profile posts for my_handwriting_987 fetched successfully","timestamp":"2023-07-31 05:22:43"}
{"component":"user-service","level":"info","message":"136 Profile posts for iamaswinram fetched successfully","timestamp":"2023-07-31 05:22:44"}
{"component":"user-service","level":"info","message":"9 Profile reels for dinesh_sarvodey fetched successfully","timestamp":"2023-07-31 05:24:13"}
{"component":"user-service","level":"info","message":"12 Profile posts for dinesh_sarvodey fetched successfully","timestamp":"2023-07-31 05:24:13"}
{"component":"user-service","level":"info","message":"18 Profile reels for gouthamijadav fetched successfully","timestamp":"2023-07-31 05:24:14"}
{"component":"user-service","level":"info","message":"24 Profile posts for gouthamijadav fetched successfully","timestamp":"2023-07-31 05:24:14"}
{"component":"user-service","level":"info","message":"dinesh_sarvodey 9 reels inserted","timestamp":"2023-07-31 05:24:14"}
{"component":"user-service","level":"info","message":"gouthamijadav 18 reels inserted","timestamp":"2023-07-31 05:24:14"}
{"component":"user-service","level":"info","message":"47 Profile posts for itshimaja fetched successfully","timestamp":"2023-07-31 05:24:16"}
{"component":"user-service","level":"info","message":"48 Profile posts for timesofindia fetched successfully","timestamp":"2023-07-31 05:24:16"}
{"component":"user-service","level":"info","message":"27 Profile reels for itshimaja fetched successfully","timestamp":"2023-07-31 05:24:17"}
{"component":"user-service","level":"info","message":"itshimaja 27 reels inserted","timestamp":"2023-07-31 05:24:17"}
{"component":"user-service","level":"info","message":"119 Profile posts for thelegacyofindia fetched successfully","timestamp":"2023-07-31 05:24:21"}
{"component":"user-service","level":"info","message":"81 Profile reels for thelegacyofindia fetched successfully","timestamp":"2023-07-31 05:24:22"}
{"component":"user-service","level":"info","message":"thelegacyofindia 81 reels inserted","timestamp":"2023-07-31 05:24:22"}
{"component":"user-service","level":"info","message":"90 Profile reels for iamaswinram fetched successfully","timestamp":"2023-07-31 05:24:23"}
{"component":"user-service","level":"info","message":"72 Profile reels for pepperfry_official fetched successfully","timestamp":"2023-07-31 05:24:23"}
{"component":"user-service","level":"info","message":"iamaswinram 90 reels inserted","timestamp":"2023-07-31 05:24:23"}
{"component":"user-service","level":"info","message":"pepperfry_official 72 reels inserted","timestamp":"2023-07-31 05:24:23"}
{"component":"user-service","level":"info","message":"99 Profile reels for my_handwriting_987 fetched successfully","timestamp":"2023-07-31 05:24:24"}
{"component":"user-service","level":"info","message":"my_handwriting_987 99 reels inserted","timestamp":"2023-07-31 05:24:24"}
{"component":"user-service","level":"info","message":"132 Profile posts for my_handwriting_987 fetched successfully","timestamp":"2023-07-31 05:24:24"}
{"component":"user-service","level":"info","message":"107 Profile posts for pepperfry_official fetched successfully","timestamp":"2023-07-31 05:24:25"}
{"component":"user-service","level":"info","message":"148 Profile posts for iamaswinram fetched successfully","timestamp":"2023-07-31 05:24:25"}
{"component":"user-service","level":"info","message":"9 Profile reels for mahathalli fetched successfully","timestamp":"2023-07-31 05:25:50"}
{"component":"user-service","level":"info","message":"12 Profile posts for mahathalli fetched successfully","timestamp":"2023-07-31 05:25:50"}
{"component":"user-service","level":"info","message":"mahathalli 9 reels inserted","timestamp":"2023-07-31 05:25:51"}
{"component":"user-service","level":"info","message":"24 Profile posts for dinesh_sarvodey fetched successfully","timestamp":"2023-07-31 05:25:55"}
{"component":"user-service","level":"info","message":"36 Profile posts for gouthamijadav fetched successfully","timestamp":"2023-07-31 05:25:55"}
{"component":"user-service","level":"info","message":"27 Profile reels for gouthamijadav fetched successfully","timestamp":"2023-07-31 05:25:55"}
{"component":"user-service","level":"info","message":"dinesh_sarvodey 9 reels inserted","timestamp":"2023-07-31 05:25:55"}
{"component":"user-service","level":"info","message":"gouthamijadav 27 reels inserted","timestamp":"2023-07-31 05:25:56"}
{"component":"user-service","level":"info","message":"59 Profile posts for itshimaja fetched successfully","timestamp":"2023-07-31 05:25:57"}
{"component":"user-service","level":"info","message":"36 Profile reels for itshimaja fetched successfully","timestamp":"2023-07-31 05:25:58"}
{"component":"user-service","level":"info","message":"60 Profile posts for timesofindia fetched successfully","timestamp":"2023-07-31 05:25:58"}
{"component":"user-service","level":"info","message":"itshimaja 36 reels inserted","timestamp":"2023-07-31 05:25:58"}
{"component":"user-service","level":"info","message":"131 Profile posts for thelegacyofindia fetched successfully","timestamp":"2023-07-31 05:26:02"}
{"component":"user-service","level":"info","message":"90 Profile reels for thelegacyofindia fetched successfully","timestamp":"2023-07-31 05:26:03"}
{"component":"user-service","level":"info","message":"thelegacyofindia 90 reels inserted","timestamp":"2023-07-31 05:26:03"}
{"component":"user-service","level":"info","message":"99 Profile reels for iamaswinram fetched successfully","timestamp":"2023-07-31 05:26:04"}
{"component":"user-service","level":"info","message":"iamaswinram 99 reels inserted","timestamp":"2023-07-31 05:26:04"}
{"component":"user-service","level":"info","message":"81 Profile reels for pepperfry_official fetched successfully","timestamp":"2023-07-31 05:26:04"}
{"component":"user-service","level":"info","message":"108 Profile reels for my_handwriting_987 fetched successfully","timestamp":"2023-07-31 05:26:05"}
{"component":"user-service","level":"info","message":"pepperfry_official 81 reels inserted","timestamp":"2023-07-31 05:26:05"}
{"component":"user-service","level":"info","message":"my_handwriting_987 108 reels inserted","timestamp":"2023-07-31 05:26:05"}
{"component":"user-service","level":"info","message":"144 Profile posts for my_handwriting_987 fetched successfully","timestamp":"2023-07-31 05:26:06"}
{"component":"user-service","level":"info","message":"119 Profile posts for pepperfry_official fetched successfully","timestamp":"2023-07-31 05:26:06"}
{"component":"user-service","level":"info","message":"160 Profile posts for iamaswinram fetched successfully","timestamp":"2023-07-31 05:26:07"}
{"component":"user-service","level":"info","message":"18 Profile reels for mahathalli fetched successfully","timestamp":"2023-07-31 05:27:32"}
{"component":"user-service","level":"info","message":"24 Profile posts for mahathalli fetched successfully","timestamp":"2023-07-31 05:27:32"}
{"component":"user-service","level":"info","message":"mahathalli 18 reels inserted","timestamp":"2023-07-31 05:27:33"}
{"component":"user-service","level":"info","message":"9 Profile reels for the_hindu fetched successfully","timestamp":"2023-07-31 05:27:36"}
{"component":"user-service","level":"info","message":"36 Profile posts for dinesh_sarvodey fetched successfully","timestamp":"2023-07-31 05:27:36"}
{"component":"user-service","level":"info","message":"36 Profile reels for gouthamijadav fetched successfully","timestamp":"2023-07-31 05:27:36"}
{"component":"user-service","level":"info","message":"12 Profile posts for the_hindu fetched successfully","timestamp":"2023-07-31 05:27:36"}
{"component":"user-service","level":"info","message":"48 Profile posts for gouthamijadav fetched successfully","timestamp":"2023-07-31 05:27:36"}
{"component":"user-service","level":"info","message":"the_hindu 9 reels inserted","timestamp":"2023-07-31 05:27:37"}
{"component":"user-service","level":"info","message":"gouthamijadav 36 reels inserted","timestamp":"2023-07-31 05:27:37"}
{"component":"user-service","level":"info","message":"71 Profile posts for itshimaja fetched successfully","timestamp":"2023-07-31 05:27:38"}
{"component":"user-service","level":"info","message":"45 Profile reels for itshimaja fetched successfully","timestamp":"2023-07-31 05:27:39"}
{"component":"user-service","level":"info","message":"72 Profile posts for timesofindia fetched successfully","timestamp":"2023-07-31 05:27:39"}
{"component":"user-service","level":"info","message":"itshimaja 45 reels inserted","timestamp":"2023-07-31 05:27:40"}
{"component":"user-service","level":"info","message":"138 Profile posts for thelegacyofindia fetched successfully","timestamp":"2023-07-31 05:27:43"}
{"component":"user-service","level":"info","message":"99 Profile reels for thelegacyofindia fetched successfully","timestamp":"2023-07-31 05:27:44"}
{"component":"user-service","level":"info","message":"thelegacyofindia 99 reels inserted","timestamp":"2023-07-31 05:27:44"}
{"component":"user-service","level":"info","message":"108 Profile reels for iamaswinram fetched successfully","timestamp":"2023-07-31 05:27:45"}
{"component":"user-service","level":"info","message":"iamaswinram 108 reels inserted","timestamp":"2023-07-31 05:27:45"}
{"component":"user-service","level":"info","message":"90 Profile reels for pepperfry_official fetched successfully","timestamp":"2023-07-31 05:27:46"}
{"component":"user-service","level":"info","message":"pepperfry_official 90 reels inserted","timestamp":"2023-07-31 05:27:46"}
{"component":"user-service","level":"info","message":"117 Profile reels for my_handwriting_987 fetched successfully","timestamp":"2023-07-31 05:27:46"}
{"component":"user-service","level":"info","message":"my_handwriting_987 117 reels inserted","timestamp":"2023-07-31 05:27:47"}
{"component":"user-service","level":"info","message":"156 Profile posts for my_handwriting_987 fetched successfully","timestamp":"2023-07-31 05:27:47"}
{"component":"user-service","level":"info","message":"131 Profile posts for pepperfry_official fetched successfully","timestamp":"2023-07-31 05:27:47"}
{"component":"user-service","level":"info","message":"172 Profile posts for iamaswinram fetched successfully","timestamp":"2023-07-31 05:27:49"}
{"component":"user-service","level":"info","message":"0 Profile posts for oldsoul.1710 fetched successfully","timestamp":"2023-07-31 05:29:05"}
{"component":"user-service","level":"info","message":"36 Profile posts for mahathalli fetched successfully","timestamp":"2023-07-31 05:29:14"}
{"component":"user-service","level":"info","message":"27 Profile reels for mahathalli fetched successfully","timestamp":"2023-07-31 05:29:14"}
{"component":"user-service","level":"info","message":"mahathalli 27 reels inserted","timestamp":"2023-07-31 05:29:14"}
{"component":"user-service","level":"info","message":"18 Profile reels for the_hindu fetched successfully","timestamp":"2023-07-31 05:29:17"}
{"component":"user-service","level":"info","message":"45 Profile reels for gouthamijadav fetched successfully","timestamp":"2023-07-31 05:29:18"}
{"component":"user-service","level":"info","message":"48 Profile posts for dinesh_sarvodey fetched successfully","timestamp":"2023-07-31 05:29:18"}
{"component":"user-service","level":"info","message":"60 Profile posts for gouthamijadav fetched successfully","timestamp":"2023-07-31 05:29:18"}
{"component":"user-service","level":"info","message":"gouthamijadav 45 reels inserted","timestamp":"2023-07-31 05:29:18"}
{"component":"user-service","level":"info","message":"the_hindu 18 reels inserted","timestamp":"2023-07-31 05:29:18"}
{"component":"user-service","level":"info","message":"24 Profile posts for the_hindu fetched successfully","timestamp":"2023-07-31 05:29:18"}
{"component":"user-service","level":"info","message":"83 Profile posts for itshimaja fetched successfully","timestamp":"2023-07-31 05:29:19"}
{"component":"user-service","level":"info","message":"54 Profile reels for itshimaja fetched successfully","timestamp":"2023-07-31 05:29:21"}
{"component":"user-service","level":"info","message":"84 Profile posts for timesofindia fetched successfully","timestamp":"2023-07-31 05:29:21"}
{"component":"user-service","level":"info","message":"itshimaja 54 reels inserted","timestamp":"2023-07-31 05:29:21"}
{"component":"user-service","level":"info","message":"108 Profile reels for thelegacyofindia fetched successfully","timestamp":"2023-07-31 05:29:25"}
{"component":"user-service","level":"info","message":"thelegacyofindia 108 reels inserted","timestamp":"2023-07-31 05:29:25"}
{"component":"user-service","level":"info","message":"117 Profile reels for iamaswinram fetched successfully","timestamp":"2023-07-31 05:29:26"}
{"component":"user-service","level":"info","message":"iamaswinram 117 reels inserted","timestamp":"2023-07-31 05:29:26"}
{"component":"user-service","level":"info","message":"99 Profile reels for pepperfry_official fetched successfully","timestamp":"2023-07-31 05:29:27"}
{"component":"user-service","level":"info","message":"126 Profile reels for my_handwriting_987 fetched successfully","timestamp":"2023-07-31 05:29:27"}
{"component":"user-service","level":"info","message":"pepperfry_official 99 reels inserted","timestamp":"2023-07-31 05:29:27"}
{"component":"user-service","level":"info","message":"158 Profile posts for my_handwriting_987 fetched successfully","timestamp":"2023-07-31 05:29:28"}
{"component":"user-service","level":"info","message":"my_handwriting_987 126 reels inserted","timestamp":"2023-07-31 05:29:28"}
{"component":"user-service","level":"info","message":"143 Profile posts for pepperfry_official fetched successfully","timestamp":"2023-07-31 05:29:28"}
{"component":"user-service","level":"info","message":"184 Profile posts for iamaswinram fetched successfully","timestamp":"2023-07-31 05:29:30"}
{"component":"user-service","level":"info","message":"36 Profile reels for mahathalli fetched successfully","timestamp":"2023-07-31 05:30:55"}
{"component":"user-service","level":"info","message":"48 Profile posts for mahathalli fetched successfully","timestamp":"2023-07-31 05:30:55"}
{"component":"user-service","level":"info","message":"mahathalli 36 reels inserted","timestamp":"2023-07-31 05:30:55"}
{"component":"user-service","level":"info","message":"27 Profile reels for the_hindu fetched successfully","timestamp":"2023-07-31 05:30:59"}
{"component":"user-service","level":"info","message":"54 Profile reels for gouthamijadav fetched successfully","timestamp":"2023-07-31 05:30:59"}
{"component":"user-service","level":"info","message":"72 Profile posts for gouthamijadav fetched successfully","timestamp":"2023-07-31 05:30:59"}
{"component":"user-service","level":"info","message":"gouthamijadav 54 reels inserted","timestamp":"2023-07-31 05:30:59"}
{"component":"user-service","level":"info","message":"the_hindu 27 reels inserted","timestamp":"2023-07-31 05:30:59"}
{"component":"user-service","level":"info","message":"60 Profile posts for dinesh_sarvodey fetched successfully","timestamp":"2023-07-31 05:30:59"}
{"component":"user-service","level":"info","message":"95 Profile posts for itshimaja fetched successfully","timestamp":"2023-07-31 05:31:00"}
{"component":"user-service","level":"info","message":"47 Profile posts for the_hindu fetched successfully","timestamp":"2023-07-31 05:31:01"}
{"component":"user-service","level":"info","message":"63 Profile reels for itshimaja fetched successfully","timestamp":"2023-07-31 05:31:02"}
{"component":"user-service","level":"info","message":"itshimaja 63 reels inserted","timestamp":"2023-07-31 05:31:02"}
{"component":"user-service","level":"info","message":"96 Profile posts for timesofindia fetched successfully","timestamp":"2023-07-31 05:31:02"}
{"component":"user-service","level":"info","message":"117 Profile reels for thelegacyofindia fetched successfully","timestamp":"2023-07-31 05:31:06"}
{"component":"user-service","level":"info","message":"thelegacyofindia 117 reels inserted","timestamp":"2023-07-31 05:31:07"}
{"component":"user-service","level":"info","message":"126 Profile reels for iamaswinram fetched successfully","timestamp":"2023-07-31 05:31:07"}
{"component":"user-service","level":"info","message":"iamaswinram 126 reels inserted","timestamp":"2023-07-31 05:31:07"}
{"component":"user-service","level":"info","message":"108 Profile reels for pepperfry_official fetched successfully","timestamp":"2023-07-31 05:31:08"}
{"component":"user-service","level":"info","message":"pepperfry_official 108 reels inserted","timestamp":"2023-07-31 05:31:09"}
{"component":"user-service","level":"info","message":"135 Profile reels for my_handwriting_987 fetched successfully","timestamp":"2023-07-31 05:31:09"}
{"component":"user-service","level":"info","message":"my_handwriting_987 135 reels inserted","timestamp":"2023-07-31 05:31:09"}
{"component":"user-service","level":"info","message":"155 Profile posts for pepperfry_official fetched successfully","timestamp":"2023-07-31 05:31:09"}
{"component":"user-service","level":"info","message":"196 Profile posts for iamaswinram fetched successfully","timestamp":"2023-07-31 05:31:12"}
{"component":"user-service","level":"info","message":"45 Profile reels for mahathalli fetched successfully","timestamp":"2023-07-31 05:32:36"}
{"component":"user-service","level":"info","message":"60 Profile posts for mahathalli fetched successfully","timestamp":"2023-07-31 05:32:36"}
{"component":"user-service","level":"info","message":"mahathalli 45 reels inserted","timestamp":"2023-07-31 05:32:36"}
{"component":"user-service","level":"info","message":"63 Profile reels for gouthamijadav fetched successfully","timestamp":"2023-07-31 05:32:40"}
{"component":"user-service","level":"info","message":"36 Profile reels for the_hindu fetched successfully","timestamp":"2023-07-31 05:32:40"}
{"component":"user-service","level":"info","message":"84 Profile posts for gouthamijadav fetched successfully","timestamp":"2023-07-31 05:32:40"}
{"component":"user-service","level":"info","message":"gouthamijadav 63 reels inserted","timestamp":"2023-07-31 05:32:41"}
{"component":"user-service","level":"info","message":"72 Profile posts for dinesh_sarvodey fetched successfully","timestamp":"2023-07-31 05:32:41"}
{"component":"user-service","level":"info","message":"the_hindu 36 reels inserted","timestamp":"2023-07-31 05:32:41"}
{"component":"user-service","level":"info","message":"107 Profile posts for itshimaja fetched successfully","timestamp":"2023-07-31 05:32:41"}
{"component":"user-service","level":"info","message":"72 Profile reels for itshimaja fetched successfully","timestamp":"2023-07-31 05:32:43"}
{"component":"user-service","level":"info","message":"itshimaja 72 reels inserted","timestamp":"2023-07-31 05:32:43"}
{"component":"user-service","level":"info","message":"59 Profile posts for the_hindu fetched successfully","timestamp":"2023-07-31 05:32:44"}
{"component":"user-service","level":"info","message":"108 Profile posts for timesofindia fetched successfully","timestamp":"2023-07-31 05:32:44"}
{"component":"user-service","level":"info","message":"126 Profile reels for thelegacyofindia fetched successfully","timestamp":"2023-07-31 05:32:47"}
{"component":"user-service","level":"info","message":"thelegacyofindia 126 reels inserted","timestamp":"2023-07-31 05:32:48"}
{"component":"user-service","level":"info","message":"135 Profile reels for iamaswinram fetched successfully","timestamp":"2023-07-31 05:32:48"}
{"component":"user-service","level":"info","message":"iamaswinram 135 reels inserted","timestamp":"2023-07-31 05:32:49"}
{"component":"user-service","level":"info","message":"117 Profile reels for pepperfry_official fetched successfully","timestamp":"2023-07-31 05:32:49"}
{"component":"user-service","level":"info","message":"144 Profile reels for my_handwriting_987 fetched successfully","timestamp":"2023-07-31 05:32:50"}
{"component":"user-service","level":"info","message":"pepperfry_official 117 reels inserted","timestamp":"2023-07-31 05:32:50"}
{"component":"user-service","level":"info","message":"my_handwriting_987 144 reels inserted","timestamp":"2023-07-31 05:32:50"}
{"component":"user-service","level":"info","message":"167 Profile posts for pepperfry_official fetched successfully","timestamp":"2023-07-31 05:32:51"}
{"component":"user-service","level":"info","message":"208 Profile posts for iamaswinram fetched successfully","timestamp":"2023-07-31 05:32:53"}
{"component":"user-service","level":"info","message":"54 Profile reels for mahathalli fetched successfully","timestamp":"2023-07-31 05:34:17"}
{"component":"user-service","level":"info","message":"72 Profile posts for mahathalli fetched successfully","timestamp":"2023-07-31 05:34:17"}
{"component":"user-service","level":"info","message":"mahathalli 54 reels inserted","timestamp":"2023-07-31 05:34:18"}
{"component":"user-service","level":"info","message":"72 Profile reels for gouthamijadav fetched successfully","timestamp":"2023-07-31 05:34:21"}
{"component":"user-service","level":"info","message":"gouthamijadav 72 reels inserted","timestamp":"2023-07-31 05:34:22"}
{"component":"user-service","level":"info","message":"45 Profile reels for the_hindu fetched successfully","timestamp":"2023-07-31 05:34:22"}
{"component":"user-service","level":"info","message":"96 Profile posts for gouthamijadav fetched successfully","timestamp":"2023-07-31 05:34:22"}
{"component":"user-service","level":"info","message":"84 Profile posts for dinesh_sarvodey fetched successfully","timestamp":"2023-07-31 05:34:22"}
{"component":"user-service","level":"info","message":"119 Profile posts for itshimaja fetched successfully","timestamp":"2023-07-31 05:34:22"}
{"component":"user-service","level":"info","message":"the_hindu 45 reels inserted","timestamp":"2023-07-31 05:34:23"}
{"component":"user-service","level":"info","message":"81 Profile reels for itshimaja fetched successfully","timestamp":"2023-07-31 05:34:24"}
{"component":"user-service","level":"info","message":"itshimaja 81 reels inserted","timestamp":"2023-07-31 05:34:25"}
{"component":"user-service","level":"info","message":"120 Profile posts for timesofindia fetched successfully","timestamp":"2023-07-31 05:34:25"}
{"component":"user-service","level":"info","message":"71 Profile posts for the_hindu fetched successfully","timestamp":"2023-07-31 05:34:26"}
{"component":"user-service","level":"info","message":"135 Profile reels for thelegacyofindia fetched successfully","timestamp":"2023-07-31 05:34:28"}
{"component":"user-service","level":"info","message":"thelegacyofindia 135 reels inserted","timestamp":"2023-07-31 05:34:29"}
{"component":"user-service","level":"info","message":"144 Profile reels for iamaswinram fetched successfully","timestamp":"2023-07-31 05:34:30"}
{"component":"user-service","level":"info","message":"iamaswinram 144 reels inserted","timestamp":"2023-07-31 05:34:30"}
{"component":"user-service","level":"info","message":"153 Profile reels for my_handwriting_987 fetched successfully","timestamp":"2023-07-31 05:34:31"}
{"component":"user-service","level":"info","message":"126 Profile reels for pepperfry_official fetched successfully","timestamp":"2023-07-31 05:34:31"}
{"component":"user-service","level":"info","message":"my_handwriting_987 153 reels inserted","timestamp":"2023-07-31 05:34:31"}
{"component":"user-service","level":"info","message":"pepperfry_official 126 reels inserted","timestamp":"2023-07-31 05:34:31"}
{"component":"user-service","level":"info","message":"179 Profile posts for pepperfry_official fetched successfully","timestamp":"2023-07-31 05:34:32"}
{"component":"user-service","level":"info","message":"220 Profile posts for iamaswinram fetched successfully","timestamp":"2023-07-31 05:34:35"}
{"component":"user-service","level":"info","message":"63 Profile reels for mahathalli fetched successfully","timestamp":"2023-07-31 05:35:58"}
{"component":"user-service","level":"info","message":"84 Profile posts for mahathalli fetched successfully","timestamp":"2023-07-31 05:35:59"}
{"component":"user-service","level":"info","message":"mahathalli 63 reels inserted","timestamp":"2023-07-31 05:35:59"}
{"component":"user-service","level":"info","message":"81 Profile reels for gouthamijadav fetched successfully","timestamp":"2023-07-31 05:36:03"}
{"component":"user-service","level":"info","message":"gouthamijadav 81 reels inserted","timestamp":"2023-07-31 05:36:03"}
{"component":"user-service","level":"info","message":"108 Profile posts for gouthamijadav fetched successfully","timestamp":"2023-07-31 05:36:03"}
{"component":"user-service","level":"info","message":"96 Profile posts for dinesh_sarvodey fetched successfully","timestamp":"2023-07-31 05:36:04"}
{"component":"user-service","level":"info","message":"54 Profile reels for the_hindu fetched successfully","timestamp":"2023-07-31 05:36:04"}
{"component":"user-service","level":"info","message":"131 Profile posts for itshimaja fetched successfully","timestamp":"2023-07-31 05:36:04"}
{"component":"user-service","level":"info","message":"the_hindu 54 reels inserted","timestamp":"2023-07-31 05:36:04"}
{"component":"user-service","level":"info","message":"90 Profile reels for itshimaja fetched successfully","timestamp":"2023-07-31 05:36:06"}
{"component":"user-service","level":"info","message":"itshimaja 90 reels inserted","timestamp":"2023-07-31 05:36:06"}
{"component":"user-service","level":"info","message":"132 Profile posts for timesofindia fetched successfully","timestamp":"2023-07-31 05:36:07"}
{"component":"user-service","level":"info","message":"83 Profile posts for the_hindu fetched successfully","timestamp":"2023-07-31 05:36:08"}
{"component":"user-service","level":"info","message":"thelegacyofindia 135 reels inserted","timestamp":"2023-07-31 05:36:10"}
{"component":"user-service","level":"info","message":"153 Profile reels for iamaswinram fetched successfully","timestamp":"2023-07-31 05:36:11"}
{"component":"user-service","level":"info","message":"iamaswinram 153 reels inserted","timestamp":"2023-07-31 05:36:11"}
{"component":"user-service","level":"info","message":"my_handwriting_987 153 reels inserted","timestamp":"2023-07-31 05:36:12"}
{"component":"user-service","level":"info","message":"135 Profile reels for pepperfry_official fetched successfully","timestamp":"2023-07-31 05:36:12"}
{"component":"user-service","level":"info","message":"pepperfry_official 135 reels inserted","timestamp":"2023-07-31 05:36:13"}
{"component":"user-service","level":"info","message":"191 Profile posts for pepperfry_official fetched successfully","timestamp":"2023-07-31 05:36:13"}
{"component":"user-service","level":"info","message":"243 Profile posts for iamaswinram fetched successfully","timestamp":"2023-07-31 05:36:16"}
{"component":"user-service","level":"info","message":"72 Profile reels for mahathalli fetched successfully","timestamp":"2023-07-31 05:37:40"}
{"component":"user-service","level":"info","message":"mahathalli 72 reels inserted","timestamp":"2023-07-31 05:37:40"}
{"component":"user-service","level":"info","message":"96 Profile posts for mahathalli fetched successfully","timestamp":"2023-07-31 05:37:41"}
{"component":"user-service","level":"info","message":"90 Profile reels for gouthamijadav fetched successfully","timestamp":"2023-07-31 05:37:44"}
{"component":"user-service","level":"info","message":"107 Profile posts for dinesh_sarvodey fetched successfully","timestamp":"2023-07-31 05:37:44"}
{"component":"user-service","level":"info","message":"gouthamijadav 90 reels inserted","timestamp":"2023-07-31 05:37:44"}
{"component":"user-service","level":"info","message":"143 Profile posts for itshimaja fetched successfully","timestamp":"2023-07-31 05:37:45"}
{"component":"user-service","level":"info","message":"63 Profile reels for the_hindu fetched successfully","timestamp":"2023-07-31 05:37:45"}
{"component":"user-service","level":"info","message":"130 Profile posts for gouthamijadav fetched successfully","timestamp":"2023-07-31 05:37:46"}
{"component":"user-service","level":"info","message":"the_hindu 63 reels inserted","timestamp":"2023-07-31 05:37:46"}
{"component":"user-service","level":"info","message":"99 Profile reels for itshimaja fetched successfully","timestamp":"2023-07-31 05:37:47"}
{"component":"user-service","level":"info","message":"itshimaja 99 reels inserted","timestamp":"2023-07-31 05:37:47"}
{"component":"user-service","level":"info","message":"144 Profile posts for timesofindia fetched successfully","timestamp":"2023-07-31 05:37:48"}
{"component":"user-service","level":"info","message":"95 Profile posts for the_hindu fetched successfully","timestamp":"2023-07-31 05:37:50"}
{"component":"user-service","level":"info","message":"iamaswinram 153 reels inserted","timestamp":"2023-07-31 05:37:52"}
{"component":"user-service","level":"info","message":"144 Profile reels for pepperfry_official fetched successfully","timestamp":"2023-07-31 05:37:53"}
{"component":"user-service","level":"info","message":"pepperfry_official 144 reels inserted","timestamp":"2023-07-31 05:37:54"}
{"component":"user-service","level":"info","message":"203 Profile posts for pepperfry_official fetched successfully","timestamp":"2023-07-31 05:37:54"}
{"component":"user-service","level":"info","message":"255 Profile posts for iamaswinram fetched successfully","timestamp":"2023-07-31 05:37:58"}
{"component":"user-service","level":"info","message":"81 Profile reels for mahathalli fetched successfully","timestamp":"2023-07-31 05:39:21"}
{"component":"user-service","level":"info","message":"mahathalli 81 reels inserted","timestamp":"2023-07-31 05:39:21"}
{"component":"user-service","level":"info","message":"108 Profile posts for mahathalli fetched successfully","timestamp":"2023-07-31 05:39:23"}
{"component":"user-service","level":"info","message":"99 Profile reels for gouthamijadav fetched successfully","timestamp":"2023-07-31 05:39:25"}
{"component":"user-service","level":"info","message":"gouthamijadav 99 reels inserted","timestamp":"2023-07-31 05:39:26"}
{"component":"user-service","level":"info","message":"155 Profile posts for itshimaja fetched successfully","timestamp":"2023-07-31 05:39:26"}
{"component":"user-service","level":"info","message":"72 Profile reels for the_hindu fetched successfully","timestamp":"2023-07-31 05:39:27"}
{"component":"user-service","level":"info","message":"142 Profile posts for gouthamijadav fetched successfully","timestamp":"2023-07-31 05:39:27"}
{"component":"user-service","level":"info","message":"the_hindu 72 reels inserted","timestamp":"2023-07-31 05:39:27"}
{"component":"user-service","level":"info","message":"108 Profile reels for itshimaja fetched successfully","timestamp":"2023-07-31 05:39:28"}
{"component":"user-service","level":"info","message":"itshimaja 108 reels inserted","timestamp":"2023-07-31 05:39:28"}
{"component":"user-service","level":"info","message":"156 Profile posts for timesofindia fetched successfully","timestamp":"2023-07-31 05:39:30"}
{"component":"user-service","level":"info","message":"107 Profile posts for the_hindu fetched successfully","timestamp":"2023-07-31 05:39:32"}
{"component":"user-service","level":"info","message":"153 Profile reels for pepperfry_official fetched successfully","timestamp":"2023-07-31 05:39:35"}
{"component":"user-service","level":"info","message":"pepperfry_official 153 reels inserted","timestamp":"2023-07-31 05:39:35"}
{"component":"user-service","level":"info","message":"215 Profile posts for pepperfry_official fetched successfully","timestamp":"2023-07-31 05:39:35"}
{"component":"user-service","level":"info","message":"267 Profile posts for iamaswinram fetched successfully","timestamp":"2023-07-31 05:39:39"}
{"component":"user-service","level":"info","message":"90 Profile reels for mahathalli fetched successfully","timestamp":"2023-07-31 05:41:02"}
{"component":"user-service","level":"info","message":"mahathalli 90 reels inserted","timestamp":"2023-07-31 05:41:03"}
{"component":"user-service","level":"info","message":"130 Profile posts for mahathalli fetched successfully","timestamp":"2023-07-31 05:41:04"}
{"component":"user-service","level":"info","message":"167 Profile posts for itshimaja fetched successfully","timestamp":"2023-07-31 05:41:07"}
{"component":"user-service","level":"info","message":"108 Profile reels for gouthamijadav fetched successfully","timestamp":"2023-07-31 05:41:08"}
{"component":"user-service","level":"info","message":"154 Profile posts for gouthamijadav fetched successfully","timestamp":"2023-07-31 05:41:08"}
{"component":"user-service","level":"info","message":"81 Profile reels for the_hindu fetched successfully","timestamp":"2023-07-31 05:41:08"}
{"component":"user-service","level":"info","message":"gouthamijadav 108 reels inserted","timestamp":"2023-07-31 05:41:09"}
{"component":"user-service","level":"info","message":"the_hindu 81 reels inserted","timestamp":"2023-07-31 05:41:09"}
{"component":"user-service","level":"info","message":"117 Profile reels for itshimaja fetched successfully","timestamp":"2023-07-31 05:41:09"}
{"component":"user-service","level":"info","message":"itshimaja 117 reels inserted","timestamp":"2023-07-31 05:41:10"}
{"component":"user-service","level":"info","message":"168 Profile posts for timesofindia fetched successfully","timestamp":"2023-07-31 05:41:11"}
{"component":"user-service","level":"info","message":"119 Profile posts for the_hindu fetched successfully","timestamp":"2023-07-31 05:41:15"}
{"component":"user-service","level":"info","message":"162 Profile reels for pepperfry_official fetched successfully","timestamp":"2023-07-31 05:41:16"}
{"component":"user-service","level":"info","message":"pepperfry_official 162 reels inserted","timestamp":"2023-07-31 05:41:17"}
{"component":"user-service","level":"info","message":"227 Profile posts for pepperfry_official fetched successfully","timestamp":"2023-07-31 05:41:17"}
{"component":"user-service","level":"info","message":"279 Profile posts for iamaswinram fetched successfully","timestamp":"2023-07-31 05:41:20"}
{"component":"user-service","level":"info","message":"99 Profile reels for mahathalli fetched successfully","timestamp":"2023-07-31 05:42:43"}
{"component":"user-service","level":"info","message":"mahathalli 99 reels inserted","timestamp":"2023-07-31 05:42:44"}
{"component":"user-service","level":"info","message":"152 Profile posts for mahathalli fetched successfully","timestamp":"2023-07-31 05:42:45"}
{"component":"user-service","level":"info","message":"179 Profile posts for itshimaja fetched successfully","timestamp":"2023-07-31 05:42:49"}
{"component":"user-service","level":"info","message":"117 Profile reels for gouthamijadav fetched successfully","timestamp":"2023-07-31 05:42:50"}
{"component":"user-service","level":"info","message":"gouthamijadav 117 reels inserted","timestamp":"2023-07-31 05:42:50"}
{"component":"user-service","level":"info","message":"177 Profile posts for gouthamijadav fetched successfully","timestamp":"2023-07-31 05:42:50"}
{"component":"user-service","level":"info","message":"90 Profile reels for the_hindu fetched successfully","timestamp":"2023-07-31 05:42:51"}
{"component":"user-service","level":"info","message":"126 Profile reels for itshimaja fetched successfully","timestamp":"2023-07-31 05:42:51"}
{"component":"user-service","level":"info","message":"the_hindu 90 reels inserted","timestamp":"2023-07-31 05:42:51"}
{"component":"user-service","level":"info","message":"itshimaja 126 reels inserted","timestamp":"2023-07-31 05:42:51"}
{"component":"user-service","level":"info","message":"180 Profile posts for timesofindia fetched successfully","timestamp":"2023-07-31 05:42:53"}
{"component":"user-service","level":"info","message":"131 Profile posts for the_hindu fetched successfully","timestamp":"2023-07-31 05:42:57"}
{"component":"user-service","level":"info","message":"171 Profile reels for pepperfry_official fetched successfully","timestamp":"2023-07-31 05:42:57"}
{"component":"user-service","level":"info","message":"pepperfry_official 171 reels inserted","timestamp":"2023-07-31 05:42:58"}
{"component":"user-service","level":"info","message":"239 Profile posts for pepperfry_official fetched successfully","timestamp":"2023-07-31 05:42:58"}
{"component":"user-service","level":"info","message":"291 Profile posts for iamaswinram fetched successfully","timestamp":"2023-07-31 05:43:01"}
{"component":"user-service","level":"info","message":"108 Profile reels for mahathalli fetched successfully","timestamp":"2023-07-31 05:44:25"}
{"component":"user-service","level":"info","message":"mahathalli 108 reels inserted","timestamp":"2023-07-31 05:44:25"}
{"component":"user-service","level":"info","message":"164 Profile posts for mahathalli fetched successfully","timestamp":"2023-07-31 05:44:27"}
{"component":"user-service","level":"info","message":"191 Profile posts for itshimaja fetched successfully","timestamp":"2023-07-31 05:44:30"}
{"component":"user-service","level":"info","message":"126 Profile reels for gouthamijadav fetched successfully","timestamp":"2023-07-31 05:44:31"}
{"component":"user-service","level":"info","message":"gouthamijadav 126 reels inserted","timestamp":"2023-07-31 05:44:31"}
{"component":"user-service","level":"info","message":"135 Profile reels for itshimaja fetched successfully","timestamp":"2023-07-31 05:44:32"}
{"component":"user-service","level":"info","message":"199 Profile posts for gouthamijadav fetched successfully","timestamp":"2023-07-31 05:44:32"}
{"component":"user-service","level":"info","message":"99 Profile reels for the_hindu fetched successfully","timestamp":"2023-07-31 05:44:32"}
{"component":"user-service","level":"info","message":"itshimaja 135 reels inserted","timestamp":"2023-07-31 05:44:32"}
{"component":"user-service","level":"info","message":"the_hindu 99 reels inserted","timestamp":"2023-07-31 05:44:33"}
{"component":"user-service","level":"info","message":"192 Profile posts for timesofindia fetched successfully","timestamp":"2023-07-31 05:44:34"}
{"component":"user-service","level":"info","message":"180 Profile reels for pepperfry_official fetched successfully","timestamp":"2023-07-31 05:44:39"}
{"component":"user-service","level":"info","message":"pepperfry_official 180 reels inserted","timestamp":"2023-07-31 05:44:39"}
{"component":"user-service","level":"info","message":"143 Profile posts for the_hindu fetched successfully","timestamp":"2023-07-31 05:44:39"}
{"component":"user-service","level":"info","message":"251 Profile posts for pepperfry_official fetched successfully","timestamp":"2023-07-31 05:44:41"}
{"component":"user-service","level":"info","message":"301 Profile posts for iamaswinram fetched successfully","timestamp":"2023-07-31 05:44:42"}
